<?xml version="1.0" encoding="UTF-8"?>
<testng-results skipped="0" failed="1" ignored="0" total="9" passed="8">
  <reporter-output>
  </reporter-output>
  <suite name="Default suite" duration-ms="3163" started-at="2023-02-02T17:32:46 IST" finished-at="2023-02-02T17:32:49 IST">
    <groups>
    </groups>
    <test name="Default test" duration-ms="3163" started-at="2023-02-02T17:32:46 IST" finished-at="2023-02-02T17:32:49 IST">
      <class name="com.Test.TestCases">
        <test-method status="PASS" signature="steup()[pri:0, instance:com.Test.TestCases@12cdcf4]" name="steup" is-config="true" duration-ms="4465" started-at="2023-02-02T17:32:41 IST" finished-at="2023-02-02T17:32:46 IST">
          <reporter-output>
          </reporter-output>
        </test-method> <!-- steup -->
        <test-method status="PASS" signature="test01()[pri:0, instance:com.Test.TestCases@12cdcf4]" name="test01" duration-ms="16" started-at="2023-02-02T17:32:46 IST" finished-at="2023-02-02T17:32:46 IST">
          <reporter-output>
          </reporter-output>
        </test-method> <!-- test01 -->
        <test-method status="PASS" signature="test02()[pri:0, instance:com.Test.TestCases@12cdcf4]" name="test02" duration-ms="2113" started-at="2023-02-02T17:32:46 IST" finished-at="2023-02-02T17:32:48 IST">
          <reporter-output>
          </reporter-output>
        </test-method> <!-- test02 -->
        <test-method status="PASS" signature="test03()[pri:0, instance:com.Test.TestCases@12cdcf4]" name="test03" duration-ms="38" started-at="2023-02-02T17:32:48 IST" finished-at="2023-02-02T17:32:48 IST">
          <reporter-output>
          </reporter-output>
        </test-method> <!-- test03 -->
        <test-method status="PASS" signature="test04()[pri:0, instance:com.Test.TestCases@12cdcf4]" name="test04" duration-ms="38" started-at="2023-02-02T17:32:48 IST" finished-at="2023-02-02T17:32:48 IST">
          <reporter-output>
          </reporter-output>
        </test-method> <!-- test04 -->
        <test-method status="PASS" signature="test05()[pri:0, instance:com.Test.TestCases@12cdcf4]" name="test05" duration-ms="35" started-at="2023-02-02T17:32:48 IST" finished-at="2023-02-02T17:32:48 IST">
          <reporter-output>
          </reporter-output>
        </test-method> <!-- test05 -->
        <test-method status="PASS" signature="test06()[pri:0, instance:com.Test.TestCases@12cdcf4]" name="test06" duration-ms="34" started-at="2023-02-02T17:32:48 IST" finished-at="2023-02-02T17:32:48 IST">
          <reporter-output>
          </reporter-output>
        </test-method> <!-- test06 -->
        <test-method status="PASS" signature="test07()[pri:0, instance:com.Test.TestCases@12cdcf4]" name="test07" duration-ms="257" started-at="2023-02-02T17:32:48 IST" finished-at="2023-02-02T17:32:49 IST">
          <reporter-output>
          </reporter-output>
        </test-method> <!-- test07 -->
        <test-method status="FAIL" signature="test08()[pri:0, instance:com.Test.TestCases@12cdcf4]" name="test08" duration-ms="263" started-at="2023-02-02T17:32:49 IST" finished-at="2023-02-02T17:32:49 IST">
          <exception class="java.lang.AssertionError">
            <message>
              <![CDATA[expected [JavaByKiran | operators] but found [JavaByKiran | Operators]]]>
            </message>
            <full-stacktrace>
              <![CDATA[java.lang.AssertionError: expected [JavaByKiran | operators] but found [JavaByKiran | Operators]
at org.testng.Assert.fail(Assert.java:99)
at org.testng.Assert.failNotEquals(Assert.java:1037)
at org.testng.Assert.assertEqualsImpl(Assert.java:140)
at org.testng.Assert.assertEquals(Assert.java:122)
at org.testng.Assert.assertEquals(Assert.java:629)
at org.testng.Assert.assertEquals(Assert.java:639)
at com.Test.TestCases.test08(TestCases.java:78)
at sun.reflect.NativeMethodAccessorImpl.invoke0(Native Method)
at sun.reflect.NativeMethodAccessorImpl.invoke(NativeMethodAccessorImpl.java:62)
at sun.reflect.DelegatingMethodAccessorImpl.invoke(DelegatingMethodAccessorImpl.java:43)
at java.lang.reflect.Method.invoke(Method.java:498)
at org.testng.internal.MethodInvocationHelper.invokeMethod(MethodInvocationHelper.java:133)
at org.testng.internal.TestInvoker.invokeMethod(TestInvoker.java:598)
at org.testng.internal.TestInvoker.invokeTestMethod(TestInvoker.java:173)
at org.testng.internal.MethodRunner.runInSequence(MethodRunner.java:46)
at org.testng.internal.TestInvoker$MethodInvocationAgent.invoke(TestInvoker.java:824)
at org.testng.internal.TestInvoker.invokeTestMethods(TestInvoker.java:146)
at org.testng.internal.TestMethodWorker.invokeTestMethods(TestMethodWorker.java:146)
at org.testng.internal.TestMethodWorker.run(TestMethodWorker.java:128)
at java.util.ArrayList.forEach(ArrayList.java:1249)
at org.testng.TestRunner.privateRun(TestRunner.java:794)
at org.testng.TestRunner.run(TestRunner.java:596)
at org.testng.SuiteRunner.runTest(SuiteRunner.java:377)
at org.testng.SuiteRunner.runSequentially(SuiteRunner.java:371)
at org.testng.SuiteRunner.privateRun(SuiteRunner.java:332)
at org.testng.SuiteRunner.run(SuiteRunner.java:276)
at org.testng.SuiteRunnerWorker.runSuite(SuiteRunnerWorker.java:53)
at org.testng.SuiteRunnerWorker.run(SuiteRunnerWorker.java:96)
at org.testng.TestNG.runSuitesSequentially(TestNG.java:1212)
at org.testng.TestNG.runSuitesLocally(TestNG.java:1134)
at org.testng.TestNG.runSuites(TestNG.java:1063)
at org.testng.TestNG.run(TestNG.java:1031)
at org.testng.remote.AbstractRemoteTestNG.run(AbstractRemoteTestNG.java:115)
at org.testng.remote.RemoteTestNG.initAndRun(RemoteTestNG.java:251)
at org.testng.remote.RemoteTestNG.main(RemoteTestNG.java:77)
]]>
            </full-stacktrace>
          </exception> <!-- java.lang.AssertionError -->
          <reporter-output>
          </reporter-output>
        </test-method> <!-- test08 -->
        <test-method status="PASS" signature="test09()[pri:0, instance:com.Test.TestCases@12cdcf4]" name="test09" duration-ms="239" started-at="2023-02-02T17:32:49 IST" finished-at="2023-02-02T17:32:49 IST">
          <reporter-output>
          </reporter-output>
        </test-method> <!-- test09 -->
      </class> <!-- com.Test.TestCases -->
    </test> <!-- Default test -->
  </suite> <!-- Default suite -->
</testng-results>
